<?xml version="1.0" encoding="UTF-8"?>
<testsuite name="ArmstrongNumberTest" tests="1" skipped="0" failures="0" errors="0" timestamp="2021-06-27T11:46:43" hostname="Jayui-MacBookPro.local" time="0.012">
  <properties/>
  <testcase name="seven digit number that is not an armstrong number" classname="ArmstrongNumberTest" time="0.012"/>
  <system-out><![CDATA[]]></system-out>
  <system-err><![CDATA[]]></system-err>
</testsuite>
