<?xml version="1.0" encoding="UTF-8"?>
<testsuite name="SquaresTest" tests="1" skipped="0" failures="0" errors="0" timestamp="2021-06-23T14:20:20" hostname="Jayui-MacBookPro.local" time="0.016">
  <properties/>
  <testcase name="differenceOfSquares100" classname="SquaresTest" time="0.016"/>
  <system-out><![CDATA[]]></system-out>
  <system-err><![CDATA[]]></system-err>
</testsuite>
