<?xml version="1.0" encoding="UTF-8"?>
<testsuite name="MatrixTest" tests="1" skipped="0" failures="0" errors="0" timestamp="2021-06-23T13:42:06" hostname="Jayui-MacBookPro.local" time="0.026">
  <properties/>
  <testcase name="extract column from diff widths matrix" classname="MatrixTest" time="0.026"/>
  <system-out><![CDATA[]]></system-out>
  <system-err><![CDATA[]]></system-err>
</testsuite>
