<?xml version="1.0" encoding="UTF-8"?>
<testsuite name="ResistorColorTest" tests="1" skipped="0" failures="0" errors="0" timestamp="2021-06-22T12:58:46" hostname="Jayui-MacBookPro.local" time="0.026">
  <properties/>
  <testcase name="testColors" classname="ResistorColorTest" time="0.026"/>
  <system-out><![CDATA[]]></system-out>
  <system-err><![CDATA[]]></system-err>
</testsuite>
